<?xml version="1.0" encoding="UTF-8"?>
<testsuite name="com.todoc.ToDocApplicationTests" tests="1" skipped="0" failures="0" errors="0" timestamp="2026-06-13T06:38:12.816Z" hostname="jangjun-yong-ui-MacBookPro.local" time="1.738">
  <properties/>
  <testcase name="contextLoads()" classname="com.todoc.ToDocApplicationTests" time="0.241"/>
  <system-out><![CDATA[15:38:12.867 [Test worker] INFO org.springframework.test.context.support.AnnotationConfigContextLoaderUtils -- Could not detect default configuration classes for test class [com.todoc.ToDocApplicationTests]: ToDocApplicationTests does not declare any static, non-private, non-final, nested classes annotated with @Configuration.
15:38:12.901 [Test worker] INFO org.springframework.boot.test.context.SpringBootTestContextBootstrapper -- Found @SpringBootConfiguration com.todoc.ToDocApplication for test class com.todoc.ToDocApplicationTests

  .   ____          _            __ _ _
 /\\ / ___'_ __ _ _(_)_ __  __ _ \ \ \ \
( ( )\___ | '_ | '_| | '_ \/ _` | \ \ \ \
 \\/  ___)| |_)| | | | | || (_| |  ) ) ) )
  '  |____| .__|_| |_|_| |_\__, | / / / /
 =========|_|==============|___/=/_/_/_/

 :: Spring Boot ::                (v3.3.4)

2026-06-13T15:38:13.030+09:00  INFO 2438 --- [    Test worker] com.todoc.ToDocApplicationTests          : Starting ToDocApplicationTests using Java 17.0.16 with PID 2438 (started by jangjun-yong in /Users/jangjun-yong/Desktop/github/to-doc-spring)
2026-06-13T15:38:13.031+09:00  INFO 2438 --- [    Test worker] com.todoc.ToDocApplicationTests          : No active profile set, falling back to 1 default profile: "default"
2026-06-13T15:38:13.238+09:00  INFO 2438 --- [    Test worker] .s.d.r.c.RepositoryConfigurationDelegate : Bootstrapping Spring Data JPA repositories in DEFAULT mode.
2026-06-13T15:38:13.261+09:00  INFO 2438 --- [    Test worker] .s.d.r.c.RepositoryConfigurationDelegate : Finished Spring Data repository scanning in 21 ms. Found 6 JPA repository interfaces.
2026-06-13T15:38:13.398+09:00  INFO 2438 --- [    Test worker] o.hibernate.jpa.internal.util.LogHelper  : HHH000204: Processing PersistenceUnitInfo [name: default]
2026-06-13T15:38:13.414+09:00  INFO 2438 --- [    Test worker] org.hibernate.Version                    : HHH000412: Hibernate ORM core version 6.5.3.Final
2026-06-13T15:38:13.426+09:00  INFO 2438 --- [    Test worker] o.h.c.internal.RegionFactoryInitiator    : HHH000026: Second-level cache disabled
2026-06-13T15:38:13.513+09:00  INFO 2438 --- [    Test worker] o.s.o.j.p.SpringPersistenceUnitInfo      : No LoadTimeWeaver setup: ignoring JPA class transformer
2026-06-13T15:38:13.523+09:00  INFO 2438 --- [    Test worker] com.zaxxer.hikari.HikariDataSource       : HikariPool-1 - Starting...
2026-06-13T15:38:13.584+09:00  INFO 2438 --- [    Test worker] com.zaxxer.hikari.pool.HikariPool        : HikariPool-1 - Added connection conn0: url=jdbc:h2:mem:todoc user=SA
2026-06-13T15:38:13.585+09:00  INFO 2438 --- [    Test worker] com.zaxxer.hikari.HikariDataSource       : HikariPool-1 - Start completed.
2026-06-13T15:38:13.936+09:00  INFO 2438 --- [    Test worker] o.h.e.t.j.p.i.JtaPlatformInitiator       : HHH000489: No JTA platform available (set 'hibernate.transaction.jta.platform' to enable JTA platform integration)
2026-06-13T15:38:13.966+09:00  INFO 2438 --- [    Test worker] j.LocalContainerEntityManagerFactoryBean : Initialized JPA EntityManagerFactory for persistence unit 'default'
2026-06-13T15:38:14.272+09:00  INFO 2438 --- [    Test worker] o.s.b.a.h2.H2ConsoleAutoConfiguration    : H2 console available at '/h2-console'. Database available at 'jdbc:h2:mem:todoc'
2026-06-13T15:38:14.308+09:00  INFO 2438 --- [    Test worker] com.todoc.ToDocApplicationTests          : Started ToDocApplicationTests in 1.35 seconds (process running for 1.72)
]]></system-out>
  <system-err><![CDATA[]]></system-err>
</testsuite>
